<?xml version="1.0" encoding="UTF-8"?>
<!-- Generated by org.testng.reporters.JUnitXMLReporter -->
<testsuite ignored="0" hostname="DESKTOP-H96LQBC" failures="0" tests="6" name="Selenium-Framework" time="20.143" errors="0" timestamp="2022-08-26T00:32:12 CDT">
  <testcase classname="com.qaclickacademy.app.HomePageTest" name="navBarTest" time="0.047"/>
  <testcase classname="com.qaclickacademy.app.LoginTest" name="loginTest" time="2.342"/>
  <testcase classname="com.qaclickacademy.app.LoginTest" name="loginTest" time="2.246"/>
  <testcase classname="com.qaclickacademy.app.LoginTest" name="loginTest" time="2.219"/>
  <testcase classname="com.qaclickacademy.app.LoginTest" name="loginTest" time="2.221"/>
  <testcase classname="com.qaclickacademy.app.LoginTest" name="loginTest" time="2.225"/>
</testsuite> <!-- Selenium-Framework -->
