<?xml version="1.0" encoding="UTF-8"?>
<!-- Generated by org.testng.reporters.JUnitXMLReporter -->
<testsuite ignored="0" hostname="DESKTOP-H96LQBC" failures="0" tests="6" name="Selenium-Framework" time="19.803" errors="0" timestamp="2022-08-25T23:57:09 CDT">
  <testcase classname="com.qaclickacademy.app.HomePageTest" name="navBarTest" time="0.048"/>
  <testcase classname="com.qaclickacademy.app.LoginTest" name="loginTest" time="2.331"/>
  <testcase classname="com.qaclickacademy.app.LoginTest" name="loginTest" time="2.247"/>
  <testcase classname="com.qaclickacademy.app.LoginTest" name="loginTest" time="2.219"/>
  <testcase classname="com.qaclickacademy.app.LoginTest" name="loginTest" time="2.203"/>
  <testcase classname="com.qaclickacademy.app.LoginTest" name="loginTest" time="2.22"/>
</testsuite> <!-- Selenium-Framework -->
