<?xml version="1.0" encoding="UTF-8"?>
<testng-results ignored="0" total="6" passed="6" failed="0" skipped="0">
  <reporter-output>
  </reporter-output>
  <suite started-at="2022-08-25T23:56:49 CDT" name="Suite" finished-at="2022-08-25T23:57:09 CDT" duration-ms="19803">
    <groups>
    </groups>
    <test started-at="2022-08-25T23:56:49 CDT" name="Selenium-Framework" finished-at="2022-08-25T23:57:09 CDT" duration-ms="19803">
      <class name="com.qaclickacademy.app.LoginTest">
        <test-method is-config="true" signature="init()[pri:0, instance:com.qaclickacademy.app.LoginTest@4716be8b]" started-at="2022-08-25T23:56:54 CDT" name="init" finished-at="2022-08-25T23:56:57 CDT" duration-ms="2491" status="PASS">
          <reporter-output>
          </reporter-output>
        </test-method> <!-- init -->
        <test-method signature="loginTest(java.lang.String,java.lang.String)[pri:0, instance:com.qaclickacademy.app.LoginTest@4716be8b]" started-at="2022-08-25T23:56:57 CDT" name="loginTest" data-provider="getData" finished-at="2022-08-25T23:57:00 CDT" duration-ms="2331" status="PASS">
          <params>
            <param index="0">
              <value>
                <![CDATA[user]]>
              </value>
            </param>
            <param index="1">
              <value>
                <![CDATA[123456.0]]>
              </value>
            </param>
          </params>
          <reporter-output>
          </reporter-output>
        </test-method> <!-- loginTest -->
        <test-method signature="loginTest(java.lang.String,java.lang.String)[pri:0, instance:com.qaclickacademy.app.LoginTest@4716be8b]" started-at="2022-08-25T23:57:00 CDT" name="loginTest" data-provider="getData" finished-at="2022-08-25T23:57:02 CDT" duration-ms="2247" status="PASS">
          <params>
            <param index="0">
              <value>
                <![CDATA[admin]]>
              </value>
            </param>
            <param index="1">
              <value>
                <![CDATA[admin]]>
              </value>
            </param>
          </params>
          <reporter-output>
          </reporter-output>
        </test-method> <!-- loginTest -->
        <test-method signature="loginTest(java.lang.String,java.lang.String)[pri:0, instance:com.qaclickacademy.app.LoginTest@4716be8b]" started-at="2022-08-25T23:57:02 CDT" name="loginTest" data-provider="getData" finished-at="2022-08-25T23:57:04 CDT" duration-ms="2219" status="PASS">
          <params>
            <param index="0">
              <value>
                <![CDATA[user2]]>
              </value>
            </param>
            <param index="1">
              <value>
                <![CDATA[ihjt5]]>
              </value>
            </param>
          </params>
          <reporter-output>
          </reporter-output>
        </test-method> <!-- loginTest -->
        <test-method signature="loginTest(java.lang.String,java.lang.String)[pri:0, instance:com.qaclickacademy.app.LoginTest@4716be8b]" started-at="2022-08-25T23:57:04 CDT" name="loginTest" data-provider="getData" finished-at="2022-08-25T23:57:06 CDT" duration-ms="2203" status="PASS">
          <params>
            <param index="0">
              <value>
                <![CDATA[user3]]>
              </value>
            </param>
            <param index="1">
              <value>
                <![CDATA[4567890]]>
              </value>
            </param>
          </params>
          <reporter-output>
          </reporter-output>
        </test-method> <!-- loginTest -->
        <test-method signature="loginTest(java.lang.String,java.lang.String)[pri:0, instance:com.qaclickacademy.app.LoginTest@4716be8b]" started-at="2022-08-25T23:57:06 CDT" name="loginTest" data-provider="getData" finished-at="2022-08-25T23:57:09 CDT" duration-ms="2220" status="PASS">
          <params>
            <param index="0">
              <value>
                <![CDATA[user4`]]>
              </value>
            </param>
            <param index="1">
              <value>
                <![CDATA[654897]]>
              </value>
            </param>
          </params>
          <reporter-output>
          </reporter-output>
        </test-method> <!-- loginTest -->
        <test-method is-config="true" signature="tearDown()[pri:0, instance:com.qaclickacademy.app.LoginTest@4716be8b]" started-at="2022-08-25T23:57:09 CDT" name="tearDown" finished-at="2022-08-25T23:57:09 CDT" duration-ms="140" status="PASS">
          <reporter-output>
          </reporter-output>
        </test-method> <!-- tearDown -->
      </class> <!-- com.qaclickacademy.app.LoginTest -->
      <class name="com.qaclickacademy.app.HomePageTest">
        <test-method is-config="true" signature="init()[pri:0, instance:com.qaclickacademy.app.HomePageTest@8576fa0]" started-at="2022-08-25T23:56:49 CDT" name="init" finished-at="2022-08-25T23:56:54 CDT" duration-ms="5111" status="PASS">
          <reporter-output>
          </reporter-output>
        </test-method> <!-- init -->
        <test-method signature="navBarTest()[pri:0, instance:com.qaclickacademy.app.HomePageTest@8576fa0]" started-at="2022-08-25T23:56:57 CDT" name="navBarTest" finished-at="2022-08-25T23:56:57 CDT" duration-ms="48" status="PASS">
          <reporter-output>
          </reporter-output>
        </test-method> <!-- navBarTest -->
        <test-method is-config="true" signature="tearDown()[pri:0, instance:com.qaclickacademy.app.HomePageTest@8576fa0]" started-at="2022-08-25T23:57:09 CDT" name="tearDown" finished-at="2022-08-25T23:57:09 CDT" duration-ms="128" status="PASS">
          <reporter-output>
          </reporter-output>
        </test-method> <!-- tearDown -->
      </class> <!-- com.qaclickacademy.app.HomePageTest -->
    </test> <!-- Selenium-Framework -->
  </suite> <!-- Suite -->
</testng-results>
